<?xml version="1.0" encoding="UTF-8"?>
<!-- Generated by org.testng.reporters.JUnitReportReporter -->
<testsuite skipped="0" hostname="ASDP1726PO02529" name="first.com.qait.tatoc.TatocBasicDemoTest" tests="5" failures="0" timestamp="28 Jul 2017 09:30:24 GMT" time="37.830" errors="0">
  <testcase name="testGridGate" time="0.378" classname="first.com.qait.tatoc.TatocBasicDemoTest"/>
  <testcase name="testFrameDungeon" time="17.328" classname="first.com.qait.tatoc.TatocBasicDemoTest"/>
  <testcase name="testDragAround" time="4.329" classname="first.com.qait.tatoc.TatocBasicDemoTest"/>
  <testcase name="testPopupWindows" time="11.511" classname="first.com.qait.tatoc.TatocBasicDemoTest"/>
  <testcase name="testCookieHandling" time="4.284" classname="first.com.qait.tatoc.TatocBasicDemoTest"/>
</testsuite> <!-- first.com.qait.tatoc.TatocBasicDemoTest -->
