<?xml version="1.0" encoding="UTF-8"?>
<!-- Generated by org.testng.reporters.JUnitReportReporter -->
<testsuite skipped="0" hostname="ASDP1726PO02529" name="first.com.qait.tatoc.TatocAdvancedDemoTest" tests="4" failures="0" timestamp="28 Jul 2017 10:06:25 GMT" time="10.767" errors="0">
  <testcase name="testHoverMenu" time="0.304" classname="first.com.qait.tatoc.TatocAdvancedDemoTest"/>
  <testcase name="testQueryGate" time="1.204" classname="first.com.qait.tatoc.TatocAdvancedDemoTest"/>
  <testcase name="testRestful" time="1.740" classname="first.com.qait.tatoc.TatocAdvancedDemoTest"/>
  <testcase name="testFileHandle" time="7.519" classname="first.com.qait.tatoc.TatocAdvancedDemoTest"/>
</testsuite> <!-- first.com.qait.tatoc.TatocAdvancedDemoTest -->
