<?xml version="1.0" encoding="UTF-8"?>
<!-- Generated by org.testng.reporters.JUnitReportReporter -->
<testsuite skipped="0" hostname="ASDP1726PO02529" name="first.com.qait.tatoc.TatocBasicTest" tests="5" failures="0" timestamp="28 Jul 2017 09:30:24 GMT" time="25.827" errors="0">
  <testcase name="testGridGate" time="4.216" classname="first.com.qait.tatoc.TatocBasicTest"/>
  <testcase name="testFrameDungeon" time="1.530" classname="first.com.qait.tatoc.TatocBasicTest"/>
  <testcase name="testDragAround" time="4.320" classname="first.com.qait.tatoc.TatocBasicTest"/>
  <testcase name="testPopupWindows" time="11.515" classname="first.com.qait.tatoc.TatocBasicTest"/>
  <testcase name="testCookieHandling" time="4.246" classname="first.com.qait.tatoc.TatocBasicTest"/>
</testsuite> <!-- first.com.qait.tatoc.TatocBasicTest -->
