<?xml version="1.0" encoding="UTF-8"?>
<!-- Generated by org.testng.reporters.JUnitReportReporter -->
<testsuite skipped="0" hostname="ASDP1726PO02529" name="first.com.qait.tatoc.TatocAdvanvanceTest" tests="4" failures="0" timestamp="28 Jul 2017 09:30:24 GMT" time="10.602" errors="0">
  <testcase name="testHoverMenu" time="0.219" classname="first.com.qait.tatoc.TatocAdvanvanceTest"/>
  <testcase name="testQueryGate" time="1.083" classname="first.com.qait.tatoc.TatocAdvanvanceTest"/>
  <testcase name="testRestful" time="1.905" classname="first.com.qait.tatoc.TatocAdvanvanceTest"/>
  <testcase name="testFileHandle" time="7.395" classname="first.com.qait.tatoc.TatocAdvanvanceTest"/>
</testsuite> <!-- first.com.qait.tatoc.TatocAdvanvanceTest -->
